Arguments: 
  C:\Program Files\nodejs\node.exe C:\Users\Nikita\AppData\Roaming\npm\node_modules\yarn\bin\yarn.js add --dev ethers^5.7.2

PATH: 
  C:\Program Files\WindowsApps\Microsoft.WindowsTerminal_1.17.11461.0_x64__8wekyb3d8bbwe;C:\Program Files (x86)\Common Files\Oracle\Java\javapath;C:\Program Files (x86)\VMware\VMware Workstation\bin\;C:\Windows\system32;C:\Windows;C:\Windows\System32\Wbem;C:\Windows\System32\WindowsPowerShell\v1.0\;C:\Windows\System32\OpenSSH\;C:\Program Files (x86)\NVIDIA Corporation\PhysX\Common;C:\Program Files\NVIDIA Corporation\NVIDIA NvDLISR;C:\Program Files\Git\cmd;C:\Program Files (x86)\Bitvise SSH Client;C:\Program Files\WireGuard\;C:\Program Files\Cloudflare\Cloudflare WARP\;C:\Program Files\dotnet\;C:\Program Files\nodejs\;C:\Users\Nikita\AppData\Local\Programs\Python\Python311\Scripts\;C:\Users\Nikita\AppData\Local\Programs\Python\Python311\;C:\Users\Nikita\AppData\Local\Microsoft\WindowsApps;C:\Program Files\JetBrains\PyCharm 2023.1.1\bin;;C:\Program Files\wkhtmltopdf\bin;C:\Users\Nikita\.dotnet\tools;C:\Users\Nikita\AppData\Roaming\npm;C:\Users\Nikita\AppData\Local\Programs\Microsoft VS Code\bin

Yarn version: 
  1.22.19

Node version: 
  18.17.0

Platform: 
  win32 x64

Trace: 
  Error: https://registry.yarnpkg.com/ethers%5E5.7.2: Not found
      at params.callback [as _callback] (C:\Users\Nikita\AppData\Roaming\npm\node_modules\yarn\lib\cli.js:66145:18)
      at self.callback (C:\Users\Nikita\AppData\Roaming\npm\node_modules\yarn\lib\cli.js:140890:22)
      at Request.emit (node:events:514:28)
      at Request.<anonymous> (C:\Users\Nikita\AppData\Roaming\npm\node_modules\yarn\lib\cli.js:141862:10)
      at Request.emit (node:events:514:28)
      at IncomingMessage.<anonymous> (C:\Users\Nikita\AppData\Roaming\npm\node_modules\yarn\lib\cli.js:141784:12)
      at Object.onceWrapper (node:events:628:28)
      at IncomingMessage.emit (node:events:526:35)
      at endReadableNT (node:internal/streams/readable:1359:12)
      at process.processTicksAndRejections (node:internal/process/task_queues:82:21)

npm manifest: 
  {
    "name": "sberhack",
    "version": "1.0.0",
    "description": "Проект решения задания https://hackaton.sberlabs.com/",
    "main": "index.js",
    "scripts": {
      "test": "echo \"Error: no test specified\" && exit 1"
    },
    "author": "",
    "license": "ISC",
    "devDependencies": {
      "@nomicfoundation/hardhat-toolbox": "^3.0.0",
      "chai": "^4.3.7",
      "hardhat": "^2.17.0"
    },
    "directories": {
      "test": "test"
    },
    "dependencies": {
      "@openzeppelin/contracts": "^4.9.2",
      "@openzeppelin/test-helpers": "^0.5.16",
      "dotenv": "^16.3.1"
    }
  }

yarn manifest: 
  No manifest

Lockfile: 
  No lockfile
